<?xml version="1.0" encoding="UTF-8"?>
<!-- Generated by org.testng.reporters.JUnitXMLReporter -->
<testsuite ignored="0" hostname="DESKTOP-J5DG572" failures="1" tests="2" name="All tests" time="78.382" errors="0" timestamp="05 сент. 2020 11:38:30 GMT">
  <testcase classname="com.hardcore.test.WebDriverGoogleCloudPlatformPageTest" name="searchInputNotNullTest" time="0.092"/>
  <testcase classname="com.hardcore.test.WebDriverGoogleCloudPlatformPricingCalculatorPageTest" name="fillingOutPriceFormTest" time="35.086">
    <failure type="org.openqa.selenium.TimeoutException" message="Expected condition failed: waiting for visibility of element located by By.xpath: //div[@id=&amp;apos;select_container_96&amp;apos;]//div[contains(text(), &amp;apos;1 Year&amp;apos;)] (tried for 10 second(s) with 500 milliseconds interval)
Build info: version: &amp;apos;3.141.59&amp;apos;, revision: &amp;apos;e82be7d358&amp;apos;, time: &amp;apos;2018-11-14T08:17:03&amp;apos;
System info: host: &amp;apos;DESKTOP-J5DG572&amp;apos;, ip: &amp;apos;192.168.0.102&amp;apos;, os.name: &amp;apos;Windows 10&amp;apos;, os.arch: &amp;apos;amd64&amp;apos;, os.version: &amp;apos;10.0&amp;apos;, java.version: &amp;apos;14.0.2&amp;apos;
Driver info: org.openqa.selenium.chrome.ChromeDriver
Capabilities {acceptInsecureCerts: false, browserName: chrome, browserVersion: 85.0.4183.83, chrome: {chromedriverVersion: 85.0.4183.87 (cd6713ebf92fa..., userDataDir: C:\Users\KIRILL~1\AppData\L...}, goog:chromeOptions: {debuggerAddress: localhost:56568}, javascriptEnabled: true, networkConnectionEnabled: false, pageLoadStrategy: normal, platform: WINDOWS, platformName: WINDOWS, proxy: Proxy(), setWindowRect: true, strictFileInteractability: false, timeouts: {implicit: 0, pageLoad: 300000, script: 30000}, unhandledPromptBehavior: dismiss and notify, webauthn:virtualAuthenticators: true}
Session ID: 89a2f6121a797b6d0ba2d6279888e9cd">
      <![CDATA[org.openqa.selenium.TimeoutException: Expected condition failed: waiting for visibility of element located by By.xpath: //div[@id='select_container_96']//div[contains(text(), '1 Year')] (tried for 10 second(s) with 500 milliseconds interval)
Build info: version: '3.141.59', revision: 'e82be7d358', time: '2018-11-14T08:17:03'
System info: host: 'DESKTOP-J5DG572', ip: '192.168.0.102', os.name: 'Windows 10', os.arch: 'amd64', os.version: '10.0', java.version: '14.0.2'
Driver info: org.openqa.selenium.chrome.ChromeDriver
Capabilities {acceptInsecureCerts: false, browserName: chrome, browserVersion: 85.0.4183.83, chrome: {chromedriverVersion: 85.0.4183.87 (cd6713ebf92fa..., userDataDir: C:\Users\KIRILL~1\AppData\L...}, goog:chromeOptions: {debuggerAddress: localhost:56568}, javascriptEnabled: true, networkConnectionEnabled: false, pageLoadStrategy: normal, platform: WINDOWS, platformName: WINDOWS, proxy: Proxy(), setWindowRect: true, strictFileInteractability: false, timeouts: {implicit: 0, pageLoad: 300000, script: 30000}, unhandledPromptBehavior: dismiss and notify, webauthn:virtualAuthenticators: true}
Session ID: 89a2f6121a797b6d0ba2d6279888e9cd
at org.openqa.selenium.support.ui.WebDriverWait.timeoutException(WebDriverWait.java:95)
at org.openqa.selenium.support.ui.FluentWait.until(FluentWait.java:272)
at com.structure.abstractPageFactory.AbstractPage.waitingForItemToLoad(AbstractPage.java:23)
at com.structure.abstractPageFactory.AbstractPage.clickToElement(AbstractPage.java:42)
at com.hardcore.page.GoogleCloudPlatformPricingCalculatorPage.committedUsageOptionClick(GoogleCloudPlatformPricingCalculatorPage.java:195)
at com.hardcore.page.GoogleCloudPlatformPricingCalculatorPage.login(GoogleCloudPlatformPricingCalculatorPage.java:104)
at com.hardcore.test.WebDriverGoogleCloudPlatformPricingCalculatorPageTest.fillingOutPriceFormTest(WebDriverGoogleCloudPlatformPricingCalculatorPageTest.java:20)
... Removed 29 stack frames]]>
    </failure>
  </testcase> <!-- fillingOutPriceFormTest -->
</testsuite> <!-- All tests -->
